<?xml version="1.0" encoding="UTF-8"?>
<!-- Generated by org.testng.reporters.JUnitReportReporter -->
<testsuite skipped="0" hostname="LAPTOP-6CEBMDT6" name="com.app.runner.cukesRunner" tests="2" failures="0" timestamp="09 Apr 2018 22:13:35 GMT" time="19.251" errors="0">
  <testcase name="runScenario" time="8.625" classname="com.app.runner.cukesRunner"/>
  <testcase name="runScenario" time="10.626" classname="com.app.runner.cukesRunner"/>
</testsuite> <!-- com.app.runner.cukesRunner -->
