<?xml version="1.0" encoding="UTF-8"?>
<!-- Generated by org.testng.reporters.JUnitReportReporter -->

<testsuite skipped="0" hostname="Iskanders-MacBook-Pro.local" name="com.app.runner.cukesRunner" tests="2" failures="0" timestamp="16 Apr 2018 23:29:04 GMT" time="36.612" errors="0">
  <testcase name="runScenario" time="18.607" classname="com.app.runner.cukesRunner"/>
  <testcase name="runScenario" time="18.005" classname="com.app.runner.cukesRunner"/>

</testsuite> <!-- com.app.runner.cukesRunner -->
