<?xml version="1.0" encoding="UTF-8"?>
<!-- Generated by org.testng.reporters.JUnitReportReporter -->
<testsuite skipped="0" hostname="Aslanbeks-MacBook-Pro.local" name="com.app.runner.cukesRunner" tests="2" failures="0" timestamp="05 Apr 2018 22:59:37 GMT" time="45.975" errors="0">
  <testcase name="runScenario" time="24.653" classname="com.app.runner.cukesRunner"/>
  <testcase name="runScenario" time="21.322" classname="com.app.runner.cukesRunner"/>
</testsuite> <!-- com.app.runner.cukesRunner -->
