<?xml version="1.0" encoding="UTF-8"?>
<!-- Generated by org.testng.reporters.JUnitReportReporter -->
<testsuite skipped="0" hostname="Aslanbeks-MacBook-Pro.local" name="com.app.runner.cukesRunner" tests="2" failures="0" timestamp="16 Apr 2018 21:48:25 GMT" time="34.861" errors="0">
  <testcase name="runScenario" time="17.052" classname="com.app.runner.cukesRunner"/>
  <testcase name="runScenario" time="17.809" classname="com.app.runner.cukesRunner"/>
</testsuite> <!-- com.app.runner.cukesRunner -->
