<?xml version="1.0" encoding="UTF-8"?>
<!-- Generated by org.testng.reporters.JUnitReportReporter -->

<testsuite skipped="0" hostname="Asels-MacBook-Pro.local" name="com.app.runner.cukesRunner" tests="2" failures="0" timestamp="09 Apr 2018 22:19:46 GMT" time="33.847" errors="0">
  <testcase name="runScenario" time="17.429" classname="com.app.runner.cukesRunner"/>
  <testcase name="runScenario" time="16.418" classname="com.app.runner.cukesRunner"/>
</testsuite> <!-- com.app.runner.cukesRunner -->
