<?xml version="1.0" encoding="UTF-8"?>
<!-- Generated by org.testng.reporters.JUnitReportReporter -->
<testsuite skipped="0" hostname="LAPTOP-6CEBMDT6" name="com.app.runner.cukesRunner" tests="1" failures="0" timestamp="03 Apr 2018 21:30:14 GMT" time="0.020" errors="1">
  <testcase name="runScenario" time="0.020" classname="com.app.runner.cukesRunner">
    <error/>
  </testcase> <!-- runScenario -->
</testsuite> <!-- com.app.runner.cukesRunner -->
