<?xml version="1.0" encoding="UTF-8"?>
<!-- Generated by org.testng.reporters.JUnitReportReporter -->
<testsuite skipped="0" hostname="LAPTOP-6CEBMDT6" name="com.app.runner.cukesRunner" tests="1" failures="0" timestamp="05 Apr 2018 18:38:44 GMT" time="9.507" errors="0">
  <testcase name="runScenario" time="9.507" classname="com.app.runner.cukesRunner"/>
</testsuite> <!-- com.app.runner.cukesRunner -->
